log output directed to C:\opt\certs\Desktop\Coding\Plane_API_Superset-1\Plane_API_Environment-Carrasco_Superset\mongosql.log
2024-05-16T00:17:17.796-0700 I CONTROL    [initandlisten] mongosqld starting: version=v2.14.12 pid=24404 host=MSI
2024-05-16T00:17:17.796-0700 I CONTROL    [initandlisten] git version: 11518eb8459058fcd4ff92e0804c8ae7b0795722
2024-05-16T00:17:17.796-0700 I CONTROL    [initandlisten] OpenSSL version OpenSSL 1.0.2n-fips  7 Dec 2017 (built with OpenSSL 1.0.2s  28 May 2019)
2024-05-16T00:17:17.796-0700 I CONTROL    [initandlisten] options: {config: "C:\\opt\\certs\\Desktop\\Coding\\Plane_API_Superset-1\\Plane_API_Environment-Carrasco_Superset\\mongosqld.conf", systemLog: {path: "C:\\opt\\certs\\Desktop\\Coding\\Plane_API_Superset-1\\Plane_API_Environment-Carrasco_Superset\\mongosql.log", verbosity: 2}, schema: {refreshIntervalSecs: 2}, net: {bindIp: [0.0.0.0], ssl: {mode: "requireSSL", PEMKeyFile: "C:\\opt\\certs\\bi.pem", CAFile: "C:\\opt\\certs\\mdbca.crt", minimumTLSVersion: "TLS1_1"}}, security: {enabled: true}, mongodb: {net: {uri: "localhost:27017", auth: {username: "admin", password: "<protected>", source: "admin"}}}}
2024-05-16T00:17:17.798-0700 I NETWORK    [initandlisten] waiting for connections at [::]:3307
2024-05-16T00:17:17.798-0700 I SCHEMA     [manager] attempting to initialize schema
2024-05-16T00:17:17.798-0700 I SCHEMA     [manager] sampling schema
2024-05-16T00:17:17.813-0700 I SCHEMA     [sampler] sampling MongoDB for schema...
2024-05-16T00:17:17.813-0700 D SCHEMA     [sampler] wildcard database selector used: running listDatabases
2024-05-16T00:17:17.814-0700 D SCHEMA     [sampler] finding namespaces in databases: [admin config local test]
2024-05-16T00:17:17.814-0700 D SCHEMA     [sampler] skipping "admin" database
2024-05-16T00:17:17.814-0700 D SCHEMA     [sampler] skipping "config" database
2024-05-16T00:17:17.814-0700 D SCHEMA     [sampler] skipping "local" database
2024-05-16T00:17:17.815-0700 D SCHEMA     [sampler] mapping schema for database "test"
2024-05-16T00:17:17.815-0700 D SCHEMA     [sampler] mapping schema for namespace "test"."city"
2024-05-16T00:17:17.823-0700 D SCHEMA     [mapping] mapped new table "city_loc" for array at field path "loc"
2024-05-16T00:17:17.823-0700 D SCHEMA     [mapping] mapped new table "city"
2024-05-16T00:17:17.823-0700 D SCHEMA     [sampler] finished mapping schema for namespace "test"."city"
2024-05-16T00:17:17.823-0700 I SCHEMA     [sampler] mapped schema for 1 namespace: "test" (1): ["city"]
2024-05-16T00:17:17.823-0700 I SCHEMA     [manager] obtained initial schema
2024-05-16T00:17:17.823-0700 D SCHEMA     [manager] next schema refresh in 2 seconds
2024-05-16T00:17:19.835-0700 I SCHEMA     [manager] sampling schema
2024-05-16T00:17:19.837-0700 I SCHEMA     [sampler] sampling MongoDB for schema...
2024-05-16T00:17:19.837-0700 D SCHEMA     [sampler] wildcard database selector used: running listDatabases
2024-05-16T00:17:19.838-0700 D SCHEMA     [sampler] finding namespaces in databases: [admin config local test]
2024-05-16T00:17:19.838-0700 D SCHEMA     [sampler] skipping "admin" database
2024-05-16T00:17:19.838-0700 D SCHEMA     [sampler] skipping "config" database
2024-05-16T00:17:19.838-0700 D SCHEMA     [sampler] skipping "local" database
2024-05-16T00:17:19.839-0700 D SCHEMA     [sampler] mapping schema for database "test"
2024-05-16T00:17:19.839-0700 D SCHEMA     [sampler] mapping schema for namespace "test"."city"
2024-05-16T00:17:19.846-0700 D SCHEMA     [mapping] mapped new table "city_loc" for array at field path "loc"
2024-05-16T00:17:19.846-0700 D SCHEMA     [mapping] mapped new table "city"
2024-05-16T00:17:19.846-0700 D SCHEMA     [sampler] finished mapping schema for namespace "test"."city"
2024-05-16T00:17:19.846-0700 I SCHEMA     [sampler] mapped schema for 1 namespace: "test" (1): ["city"]
2024-05-16T00:17:19.846-0700 I SCHEMA     [manager] refreshed schema
2024-05-16T00:17:19.846-0700 D SCHEMA     [manager] next schema refresh in 2 seconds
2024-05-16T00:17:21.847-0700 I SCHEMA     [manager] sampling schema
2024-05-16T00:17:21.849-0700 I SCHEMA     [sampler] sampling MongoDB for schema...
2024-05-16T00:17:21.849-0700 D SCHEMA     [sampler] wildcard database selector used: running listDatabases
2024-05-16T00:17:21.849-0700 D SCHEMA     [sampler] finding namespaces in databases: [admin config local test]
2024-05-16T00:17:21.849-0700 D SCHEMA     [sampler] skipping "admin" database
2024-05-16T00:17:21.849-0700 D SCHEMA     [sampler] skipping "config" database
2024-05-16T00:17:21.849-0700 D SCHEMA     [sampler] skipping "local" database
2024-05-16T00:17:21.850-0700 D SCHEMA     [sampler] mapping schema for database "test"
2024-05-16T00:17:21.850-0700 D SCHEMA     [sampler] mapping schema for namespace "test"."city"
2024-05-16T00:17:21.856-0700 D SCHEMA     [mapping] mapped new table "city_loc" for array at field path "loc"
2024-05-16T00:17:21.856-0700 D SCHEMA     [mapping] mapped new table "city"
2024-05-16T00:17:21.856-0700 D SCHEMA     [sampler] finished mapping schema for namespace "test"."city"
2024-05-16T00:17:21.856-0700 I SCHEMA     [sampler] mapped schema for 1 namespace: "test" (1): ["city"]
2024-05-16T00:17:21.856-0700 I SCHEMA     [manager] refreshed schema
2024-05-16T00:17:21.856-0700 D SCHEMA     [manager] next schema refresh in 2 seconds
2024-05-16T00:17:23.857-0700 I SCHEMA     [manager] sampling schema
2024-05-16T00:17:23.858-0700 I SCHEMA     [sampler] sampling MongoDB for schema...
2024-05-16T00:17:23.858-0700 D SCHEMA     [sampler] wildcard database selector used: running listDatabases
2024-05-16T00:17:23.859-0700 D SCHEMA     [sampler] finding namespaces in databases: [admin config local test]
2024-05-16T00:17:23.859-0700 D SCHEMA     [sampler] skipping "admin" database
2024-05-16T00:17:23.859-0700 D SCHEMA     [sampler] skipping "config" database
2024-05-16T00:17:23.859-0700 D SCHEMA     [sampler] skipping "local" database
2024-05-16T00:17:23.861-0700 D SCHEMA     [sampler] mapping schema for database "test"
2024-05-16T00:17:23.861-0700 D SCHEMA     [sampler] mapping schema for namespace "test"."city"
2024-05-16T00:17:23.866-0700 D SCHEMA     [mapping] mapped new table "city_loc" for array at field path "loc"
2024-05-16T00:17:23.866-0700 D SCHEMA     [mapping] mapped new table "city"
2024-05-16T00:17:23.866-0700 D SCHEMA     [sampler] finished mapping schema for namespace "test"."city"
2024-05-16T00:17:23.866-0700 I SCHEMA     [sampler] mapped schema for 1 namespace: "test" (1): ["city"]
2024-05-16T00:17:23.866-0700 I SCHEMA     [manager] refreshed schema
2024-05-16T00:17:23.866-0700 D SCHEMA     [manager] next schema refresh in 2 seconds
2024-05-16T00:17:25.876-0700 I SCHEMA     [manager] sampling schema
2024-05-16T00:17:25.879-0700 I SCHEMA     [sampler] sampling MongoDB for schema...
2024-05-16T00:17:25.879-0700 D SCHEMA     [sampler] wildcard database selector used: running listDatabases
2024-05-16T00:17:25.880-0700 D SCHEMA     [sampler] finding namespaces in databases: [admin config local test]
2024-05-16T00:17:25.880-0700 D SCHEMA     [sampler] skipping "admin" database
2024-05-16T00:17:25.880-0700 D SCHEMA     [sampler] skipping "config" database
2024-05-16T00:17:25.880-0700 D SCHEMA     [sampler] skipping "local" database
2024-05-16T00:17:25.882-0700 D SCHEMA     [sampler] mapping schema for database "test"
2024-05-16T00:17:25.882-0700 D SCHEMA     [sampler] mapping schema for namespace "test"."city"
2024-05-16T00:17:25.889-0700 D SCHEMA     [mapping] mapped new table "city_loc" for array at field path "loc"
2024-05-16T00:17:25.889-0700 D SCHEMA     [mapping] mapped new table "city"
2024-05-16T00:17:25.889-0700 D SCHEMA     [sampler] finished mapping schema for namespace "test"."city"
2024-05-16T00:17:25.889-0700 I SCHEMA     [sampler] mapped schema for 1 namespace: "test" (1): ["city"]
2024-05-16T00:17:25.889-0700 I SCHEMA     [manager] refreshed schema
2024-05-16T00:17:25.889-0700 D SCHEMA     [manager] next schema refresh in 2 seconds
2024-05-16T00:17:27.892-0700 I SCHEMA     [manager] sampling schema
2024-05-16T00:17:27.895-0700 I SCHEMA     [sampler] sampling MongoDB for schema...
2024-05-16T00:17:27.895-0700 D SCHEMA     [sampler] wildcard database selector used: running listDatabases
2024-05-16T00:17:27.896-0700 D SCHEMA     [sampler] finding namespaces in databases: [admin config local test]
2024-05-16T00:17:27.896-0700 D SCHEMA     [sampler] skipping "admin" database
2024-05-16T00:17:27.896-0700 D SCHEMA     [sampler] skipping "config" database
2024-05-16T00:17:27.896-0700 D SCHEMA     [sampler] skipping "local" database
2024-05-16T00:17:27.897-0700 D SCHEMA     [sampler] mapping schema for database "test"
2024-05-16T00:17:27.897-0700 D SCHEMA     [sampler] mapping schema for namespace "test"."city"
2024-05-16T00:17:27.902-0700 D SCHEMA     [mapping] mapped new table "city_loc" for array at field path "loc"
2024-05-16T00:17:27.902-0700 D SCHEMA     [mapping] mapped new table "city"
2024-05-16T00:17:27.902-0700 D SCHEMA     [sampler] finished mapping schema for namespace "test"."city"
2024-05-16T00:17:27.902-0700 I SCHEMA     [sampler] mapped schema for 1 namespace: "test" (1): ["city"]
2024-05-16T00:17:27.902-0700 I SCHEMA     [manager] refreshed schema
2024-05-16T00:17:27.902-0700 D SCHEMA     [manager] next schema refresh in 2 seconds
2024-05-16T00:17:29.905-0700 I SCHEMA     [manager] sampling schema
2024-05-16T00:17:29.907-0700 I SCHEMA     [sampler] sampling MongoDB for schema...
2024-05-16T00:17:29.907-0700 D SCHEMA     [sampler] wildcard database selector used: running listDatabases
2024-05-16T00:17:29.908-0700 D SCHEMA     [sampler] finding namespaces in databases: [admin config local test]
2024-05-16T00:17:29.908-0700 D SCHEMA     [sampler] skipping "admin" database
2024-05-16T00:17:29.909-0700 D SCHEMA     [sampler] skipping "config" database
2024-05-16T00:17:29.909-0700 D SCHEMA     [sampler] skipping "local" database
2024-05-16T00:17:29.910-0700 D SCHEMA     [sampler] mapping schema for database "test"
2024-05-16T00:17:29.910-0700 D SCHEMA     [sampler] mapping schema for namespace "test"."city"
2024-05-16T00:17:29.916-0700 D SCHEMA     [mapping] mapped new table "city_loc" for array at field path "loc"
2024-05-16T00:17:29.916-0700 D SCHEMA     [mapping] mapped new table "city"
2024-05-16T00:17:29.916-0700 D SCHEMA     [sampler] finished mapping schema for namespace "test"."city"
2024-05-16T00:17:29.916-0700 I SCHEMA     [sampler] mapped schema for 1 namespace: "test" (1): ["city"]
2024-05-16T00:17:29.916-0700 I SCHEMA     [manager] refreshed schema
2024-05-16T00:17:29.916-0700 D SCHEMA     [manager] next schema refresh in 2 seconds
2024-05-16T00:17:31.927-0700 I SCHEMA     [manager] sampling schema
2024-05-16T00:17:31.930-0700 I SCHEMA     [sampler] sampling MongoDB for schema...
2024-05-16T00:17:31.930-0700 D SCHEMA     [sampler] wildcard database selector used: running listDatabases
2024-05-16T00:17:31.931-0700 D SCHEMA     [sampler] finding namespaces in databases: [admin config local test]
2024-05-16T00:17:31.931-0700 D SCHEMA     [sampler] skipping "admin" database
2024-05-16T00:17:31.931-0700 D SCHEMA     [sampler] skipping "config" database
2024-05-16T00:17:31.931-0700 D SCHEMA     [sampler] skipping "local" database
2024-05-16T00:17:31.933-0700 D SCHEMA     [sampler] mapping schema for database "test"
2024-05-16T00:17:31.933-0700 D SCHEMA     [sampler] mapping schema for namespace "test"."city"
2024-05-16T00:17:31.939-0700 D SCHEMA     [mapping] mapped new table "city_loc" for array at field path "loc"
2024-05-16T00:17:31.939-0700 D SCHEMA     [mapping] mapped new table "city"
2024-05-16T00:17:31.939-0700 D SCHEMA     [sampler] finished mapping schema for namespace "test"."city"
2024-05-16T00:17:31.939-0700 I SCHEMA     [sampler] mapped schema for 1 namespace: "test" (1): ["city"]
2024-05-16T00:17:31.939-0700 I SCHEMA     [manager] refreshed schema
2024-05-16T00:17:31.939-0700 D SCHEMA     [manager] next schema refresh in 2 seconds
2024-05-16T00:17:33.948-0700 I SCHEMA     [manager] sampling schema
2024-05-16T00:17:33.950-0700 I SCHEMA     [sampler] sampling MongoDB for schema...
2024-05-16T00:17:33.950-0700 D SCHEMA     [sampler] wildcard database selector used: running listDatabases
2024-05-16T00:17:33.951-0700 D SCHEMA     [sampler] finding namespaces in databases: [admin config local test]
2024-05-16T00:17:33.951-0700 D SCHEMA     [sampler] skipping "admin" database
2024-05-16T00:17:33.951-0700 D SCHEMA     [sampler] skipping "config" database
2024-05-16T00:17:33.951-0700 D SCHEMA     [sampler] skipping "local" database
2024-05-16T00:17:33.952-0700 D SCHEMA     [sampler] mapping schema for database "test"
2024-05-16T00:17:33.952-0700 D SCHEMA     [sampler] mapping schema for namespace "test"."city"
2024-05-16T00:17:33.958-0700 D SCHEMA     [mapping] mapped new table "city_loc" for array at field path "loc"
2024-05-16T00:17:33.958-0700 D SCHEMA     [mapping] mapped new table "city"
2024-05-16T00:17:33.958-0700 D SCHEMA     [sampler] finished mapping schema for namespace "test"."city"
2024-05-16T00:17:33.958-0700 I SCHEMA     [sampler] mapped schema for 1 namespace: "test" (1): ["city"]
2024-05-16T00:17:33.958-0700 I SCHEMA     [manager] refreshed schema
2024-05-16T00:17:33.958-0700 D SCHEMA     [manager] next schema refresh in 2 seconds
2024-05-16T00:17:35.959-0700 I SCHEMA     [manager] sampling schema
2024-05-16T00:17:35.961-0700 I SCHEMA     [sampler] sampling MongoDB for schema...
2024-05-16T00:17:35.961-0700 D SCHEMA     [sampler] wildcard database selector used: running listDatabases
2024-05-16T00:17:35.962-0700 D SCHEMA     [sampler] finding namespaces in databases: [admin config local test]
2024-05-16T00:17:35.962-0700 D SCHEMA     [sampler] skipping "admin" database
2024-05-16T00:17:35.962-0700 D SCHEMA     [sampler] skipping "config" database
2024-05-16T00:17:35.962-0700 D SCHEMA     [sampler] skipping "local" database
2024-05-16T00:17:35.963-0700 D SCHEMA     [sampler] mapping schema for database "test"
2024-05-16T00:17:35.963-0700 D SCHEMA     [sampler] mapping schema for namespace "test"."city"
2024-05-16T00:17:35.968-0700 D SCHEMA     [mapping] mapped new table "city_loc" for array at field path "loc"
2024-05-16T00:17:35.969-0700 D SCHEMA     [mapping] mapped new table "city"
2024-05-16T00:17:35.969-0700 D SCHEMA     [sampler] finished mapping schema for namespace "test"."city"
2024-05-16T00:17:35.969-0700 I SCHEMA     [sampler] mapped schema for 1 namespace: "test" (1): ["city"]
2024-05-16T00:17:35.969-0700 I SCHEMA     [manager] refreshed schema
2024-05-16T00:17:35.969-0700 D SCHEMA     [manager] next schema refresh in 2 seconds
2024-05-16T00:17:36.613-0700 I NETWORK    [conn1] connection accepted from 192.168.0.105:56485 #1 (1 connection now open)
2024-05-16T00:17:36.613-0700 I NETWORK    [conn1] writing initial handshake
2024-05-16T00:17:36.613-0700 I NETWORK    [conn1] reading handshake response
2024-05-16T00:17:36.614-0700 E NETWORK    [conn1] handshake error: ERROR 1043 (08S01): recv handshake response error: this server is configured to only allow SSL connections
2024-05-16T00:17:36.615-0700 I NETWORK    [conn1] end connection 192.168.0.105:56485 (0 connections now open)
2024-05-16T00:17:37.730-0700 I NETWORK    [conn2] connection accepted from 192.168.0.105:56488 #2 (1 connection now open)
2024-05-16T00:17:37.730-0700 I NETWORK    [conn2] writing initial handshake
2024-05-16T00:17:37.730-0700 I NETWORK    [conn2] reading handshake response
2024-05-16T00:17:37.731-0700 E NETWORK    [conn2] handshake error: ERROR 1043 (08S01): recv handshake response error: this server is configured to only allow SSL connections
2024-05-16T00:17:37.731-0700 I NETWORK    [conn2] end connection 192.168.0.105:56488 (0 connections now open)
2024-05-16T00:17:37.981-0700 I SCHEMA     [manager] sampling schema
2024-05-16T00:17:37.984-0700 I SCHEMA     [sampler] sampling MongoDB for schema...
2024-05-16T00:17:37.984-0700 D SCHEMA     [sampler] wildcard database selector used: running listDatabases
2024-05-16T00:17:37.984-0700 D SCHEMA     [sampler] finding namespaces in databases: [admin config local test]
2024-05-16T00:17:37.984-0700 D SCHEMA     [sampler] skipping "admin" database
2024-05-16T00:17:37.984-0700 D SCHEMA     [sampler] skipping "config" database
2024-05-16T00:17:37.984-0700 D SCHEMA     [sampler] skipping "local" database
2024-05-16T00:17:37.986-0700 D SCHEMA     [sampler] mapping schema for database "test"
2024-05-16T00:17:37.986-0700 D SCHEMA     [sampler] mapping schema for namespace "test"."city"
2024-05-16T00:17:37.993-0700 D SCHEMA     [mapping] mapped new table "city_loc" for array at field path "loc"
2024-05-16T00:17:37.993-0700 D SCHEMA     [mapping] mapped new table "city"
2024-05-16T00:17:37.993-0700 D SCHEMA     [sampler] finished mapping schema for namespace "test"."city"
2024-05-16T00:17:37.993-0700 I SCHEMA     [sampler] mapped schema for 1 namespace: "test" (1): ["city"]
2024-05-16T00:17:37.993-0700 I SCHEMA     [manager] refreshed schema
2024-05-16T00:17:37.993-0700 D SCHEMA     [manager] next schema refresh in 2 seconds
2024-05-16T00:17:38.084-0700 I NETWORK    [conn3] connection accepted from 192.168.0.105:56489 #3 (1 connection now open)
2024-05-16T00:17:38.084-0700 I NETWORK    [conn3] writing initial handshake
2024-05-16T00:17:38.084-0700 I NETWORK    [conn3] reading handshake response
2024-05-16T00:17:38.085-0700 E NETWORK    [conn3] handshake error: ERROR 1043 (08S01): recv handshake response error: this server is configured to only allow SSL connections
2024-05-16T00:17:38.085-0700 I NETWORK    [conn3] end connection 192.168.0.105:56489 (0 connections now open)
2024-05-16T00:17:39.998-0700 I SCHEMA     [manager] sampling schema
2024-05-16T00:17:40.000-0700 I SCHEMA     [sampler] sampling MongoDB for schema...
2024-05-16T00:17:40.000-0700 D SCHEMA     [sampler] wildcard database selector used: running listDatabases
2024-05-16T00:17:40.001-0700 D SCHEMA     [sampler] finding namespaces in databases: [admin config local test]
2024-05-16T00:17:40.001-0700 D SCHEMA     [sampler] skipping "admin" database
2024-05-16T00:17:40.001-0700 D SCHEMA     [sampler] skipping "config" database
2024-05-16T00:17:40.001-0700 D SCHEMA     [sampler] skipping "local" database
2024-05-16T00:17:40.002-0700 D SCHEMA     [sampler] mapping schema for database "test"
2024-05-16T00:17:40.002-0700 D SCHEMA     [sampler] mapping schema for namespace "test"."city"
2024-05-16T00:17:40.008-0700 D SCHEMA     [mapping] mapped new table "city_loc" for array at field path "loc"
2024-05-16T00:17:40.008-0700 D SCHEMA     [mapping] mapped new table "city"
2024-05-16T00:17:40.008-0700 D SCHEMA     [sampler] finished mapping schema for namespace "test"."city"
2024-05-16T00:17:40.008-0700 I SCHEMA     [sampler] mapped schema for 1 namespace: "test" (1): ["city"]
2024-05-16T00:17:40.008-0700 I SCHEMA     [manager] refreshed schema
2024-05-16T00:17:40.008-0700 D SCHEMA     [manager] next schema refresh in 2 seconds
2024-05-16T00:17:42.008-0700 I SCHEMA     [manager] sampling schema
2024-05-16T00:17:42.010-0700 I SCHEMA     [sampler] sampling MongoDB for schema...
2024-05-16T00:17:42.010-0700 D SCHEMA     [sampler] wildcard database selector used: running listDatabases
2024-05-16T00:17:42.010-0700 D SCHEMA     [sampler] finding namespaces in databases: [admin config local test]
2024-05-16T00:17:42.010-0700 D SCHEMA     [sampler] skipping "admin" database
2024-05-16T00:17:42.010-0700 D SCHEMA     [sampler] skipping "config" database
2024-05-16T00:17:42.010-0700 D SCHEMA     [sampler] skipping "local" database
2024-05-16T00:17:42.012-0700 D SCHEMA     [sampler] mapping schema for database "test"
2024-05-16T00:17:42.012-0700 D SCHEMA     [sampler] mapping schema for namespace "test"."city"
2024-05-16T00:17:42.017-0700 D SCHEMA     [mapping] mapped new table "city_loc" for array at field path "loc"
2024-05-16T00:17:42.017-0700 D SCHEMA     [mapping] mapped new table "city"
2024-05-16T00:17:42.017-0700 D SCHEMA     [sampler] finished mapping schema for namespace "test"."city"
2024-05-16T00:17:42.017-0700 I SCHEMA     [sampler] mapped schema for 1 namespace: "test" (1): ["city"]
2024-05-16T00:17:42.017-0700 I SCHEMA     [manager] refreshed schema
2024-05-16T00:17:42.017-0700 D SCHEMA     [manager] next schema refresh in 2 seconds
2024-05-16T00:17:44.021-0700 I SCHEMA     [manager] sampling schema
2024-05-16T00:17:44.023-0700 I SCHEMA     [sampler] sampling MongoDB for schema...
2024-05-16T00:17:44.023-0700 D SCHEMA     [sampler] wildcard database selector used: running listDatabases
2024-05-16T00:17:44.024-0700 D SCHEMA     [sampler] finding namespaces in databases: [admin config local test]
2024-05-16T00:17:44.024-0700 D SCHEMA     [sampler] skipping "admin" database
2024-05-16T00:17:44.024-0700 D SCHEMA     [sampler] skipping "config" database
2024-05-16T00:17:44.024-0700 D SCHEMA     [sampler] skipping "local" database
2024-05-16T00:17:44.026-0700 D SCHEMA     [sampler] mapping schema for database "test"
2024-05-16T00:17:44.026-0700 D SCHEMA     [sampler] mapping schema for namespace "test"."city"
2024-05-16T00:17:44.031-0700 D SCHEMA     [mapping] mapped new table "city_loc" for array at field path "loc"
2024-05-16T00:17:44.031-0700 D SCHEMA     [mapping] mapped new table "city"
2024-05-16T00:17:44.031-0700 D SCHEMA     [sampler] finished mapping schema for namespace "test"."city"
2024-05-16T00:17:44.031-0700 I SCHEMA     [sampler] mapped schema for 1 namespace: "test" (1): ["city"]
2024-05-16T00:17:44.031-0700 I SCHEMA     [manager] refreshed schema
2024-05-16T00:17:44.031-0700 D SCHEMA     [manager] next schema refresh in 2 seconds
2024-05-16T00:17:46.046-0700 I SCHEMA     [manager] sampling schema
2024-05-16T00:17:46.049-0700 I SCHEMA     [sampler] sampling MongoDB for schema...
2024-05-16T00:17:46.049-0700 D SCHEMA     [sampler] wildcard database selector used: running listDatabases
2024-05-16T00:17:46.050-0700 D SCHEMA     [sampler] finding namespaces in databases: [admin config local test]
2024-05-16T00:17:46.050-0700 D SCHEMA     [sampler] skipping "admin" database
2024-05-16T00:17:46.050-0700 D SCHEMA     [sampler] skipping "config" database
2024-05-16T00:17:46.050-0700 D SCHEMA     [sampler] skipping "local" database
2024-05-16T00:17:46.051-0700 D SCHEMA     [sampler] mapping schema for database "test"
2024-05-16T00:17:46.051-0700 D SCHEMA     [sampler] mapping schema for namespace "test"."city"
2024-05-16T00:17:46.056-0700 D SCHEMA     [mapping] mapped new table "city_loc" for array at field path "loc"
2024-05-16T00:17:46.056-0700 D SCHEMA     [mapping] mapped new table "city"
2024-05-16T00:17:46.056-0700 D SCHEMA     [sampler] finished mapping schema for namespace "test"."city"
2024-05-16T00:17:46.056-0700 I SCHEMA     [sampler] mapped schema for 1 namespace: "test" (1): ["city"]
2024-05-16T00:17:46.056-0700 I SCHEMA     [manager] refreshed schema
2024-05-16T00:17:46.056-0700 D SCHEMA     [manager] next schema refresh in 2 seconds
2024-05-16T00:17:48.068-0700 I SCHEMA     [manager] sampling schema
2024-05-16T00:17:48.070-0700 I SCHEMA     [sampler] sampling MongoDB for schema...
2024-05-16T00:17:48.070-0700 D SCHEMA     [sampler] wildcard database selector used: running listDatabases
2024-05-16T00:17:48.072-0700 D SCHEMA     [sampler] finding namespaces in databases: [admin config local test]
2024-05-16T00:17:48.072-0700 D SCHEMA     [sampler] skipping "admin" database
2024-05-16T00:17:48.072-0700 D SCHEMA     [sampler] skipping "config" database
2024-05-16T00:17:48.072-0700 D SCHEMA     [sampler] skipping "local" database
2024-05-16T00:17:48.073-0700 D SCHEMA     [sampler] mapping schema for database "test"
2024-05-16T00:17:48.073-0700 D SCHEMA     [sampler] mapping schema for namespace "test"."city"
2024-05-16T00:17:48.078-0700 D SCHEMA     [mapping] mapped new table "city_loc" for array at field path "loc"
2024-05-16T00:17:48.078-0700 D SCHEMA     [mapping] mapped new table "city"
2024-05-16T00:17:48.078-0700 D SCHEMA     [sampler] finished mapping schema for namespace "test"."city"
2024-05-16T00:17:48.078-0700 I SCHEMA     [sampler] mapped schema for 1 namespace: "test" (1): ["city"]
2024-05-16T00:17:48.078-0700 I SCHEMA     [manager] refreshed schema
2024-05-16T00:17:48.078-0700 D SCHEMA     [manager] next schema refresh in 2 seconds
2024-05-16T00:17:50.086-0700 I SCHEMA     [manager] sampling schema
2024-05-16T00:17:50.088-0700 I SCHEMA     [sampler] sampling MongoDB for schema...
2024-05-16T00:17:50.088-0700 D SCHEMA     [sampler] wildcard database selector used: running listDatabases
2024-05-16T00:17:50.089-0700 D SCHEMA     [sampler] finding namespaces in databases: [admin config local test]
2024-05-16T00:17:50.089-0700 D SCHEMA     [sampler] skipping "admin" database
2024-05-16T00:17:50.089-0700 D SCHEMA     [sampler] skipping "config" database
2024-05-16T00:17:50.089-0700 D SCHEMA     [sampler] skipping "local" database
2024-05-16T00:17:50.091-0700 D SCHEMA     [sampler] mapping schema for database "test"
2024-05-16T00:17:50.091-0700 D SCHEMA     [sampler] mapping schema for namespace "test"."city"
2024-05-16T00:17:50.096-0700 D SCHEMA     [mapping] mapped new table "city_loc" for array at field path "loc"
2024-05-16T00:17:50.096-0700 D SCHEMA     [mapping] mapped new table "city"
2024-05-16T00:17:50.096-0700 D SCHEMA     [sampler] finished mapping schema for namespace "test"."city"
2024-05-16T00:17:50.096-0700 I SCHEMA     [sampler] mapped schema for 1 namespace: "test" (1): ["city"]
2024-05-16T00:17:50.096-0700 I SCHEMA     [manager] refreshed schema
2024-05-16T00:17:50.096-0700 D SCHEMA     [manager] next schema refresh in 2 seconds
2024-05-16T00:17:52.103-0700 I SCHEMA     [manager] sampling schema
2024-05-16T00:17:52.105-0700 I SCHEMA     [sampler] sampling MongoDB for schema...
2024-05-16T00:17:52.105-0700 D SCHEMA     [sampler] wildcard database selector used: running listDatabases
2024-05-16T00:17:52.106-0700 D SCHEMA     [sampler] finding namespaces in databases: [admin config local test]
2024-05-16T00:17:52.106-0700 D SCHEMA     [sampler] skipping "admin" database
2024-05-16T00:17:52.106-0700 D SCHEMA     [sampler] skipping "config" database
2024-05-16T00:17:52.106-0700 D SCHEMA     [sampler] skipping "local" database
2024-05-16T00:17:52.108-0700 D SCHEMA     [sampler] mapping schema for database "test"
2024-05-16T00:17:52.108-0700 D SCHEMA     [sampler] mapping schema for namespace "test"."city"
2024-05-16T00:17:52.114-0700 D SCHEMA     [mapping] mapped new table "city_loc" for array at field path "loc"
2024-05-16T00:17:52.114-0700 D SCHEMA     [mapping] mapped new table "city"
2024-05-16T00:17:52.114-0700 D SCHEMA     [sampler] finished mapping schema for namespace "test"."city"
2024-05-16T00:17:52.114-0700 I SCHEMA     [sampler] mapped schema for 1 namespace: "test" (1): ["city"]
2024-05-16T00:17:52.114-0700 I SCHEMA     [manager] refreshed schema
2024-05-16T00:17:52.114-0700 D SCHEMA     [manager] next schema refresh in 2 seconds
2024-05-16T00:17:54.118-0700 I SCHEMA     [manager] sampling schema
2024-05-16T00:17:54.121-0700 I SCHEMA     [sampler] sampling MongoDB for schema...
2024-05-16T00:17:54.121-0700 D SCHEMA     [sampler] wildcard database selector used: running listDatabases
2024-05-16T00:17:54.122-0700 D SCHEMA     [sampler] finding namespaces in databases: [admin config local test]
2024-05-16T00:17:54.122-0700 D SCHEMA     [sampler] skipping "admin" database
2024-05-16T00:17:54.122-0700 D SCHEMA     [sampler] skipping "config" database
2024-05-16T00:17:54.122-0700 D SCHEMA     [sampler] skipping "local" database
2024-05-16T00:17:54.124-0700 D SCHEMA     [sampler] mapping schema for database "test"
2024-05-16T00:17:54.124-0700 D SCHEMA     [sampler] mapping schema for namespace "test"."city"
2024-05-16T00:17:54.130-0700 D SCHEMA     [mapping] mapped new table "city_loc" for array at field path "loc"
2024-05-16T00:17:54.130-0700 D SCHEMA     [mapping] mapped new table "city"
2024-05-16T00:17:54.130-0700 D SCHEMA     [sampler] finished mapping schema for namespace "test"."city"
2024-05-16T00:17:54.130-0700 I SCHEMA     [sampler] mapped schema for 1 namespace: "test" (1): ["city"]
2024-05-16T00:17:54.130-0700 I SCHEMA     [manager] refreshed schema
2024-05-16T00:17:54.130-0700 D SCHEMA     [manager] next schema refresh in 2 seconds
2024-05-16T00:17:56.134-0700 I SCHEMA     [manager] sampling schema
2024-05-16T00:17:56.137-0700 I SCHEMA     [sampler] sampling MongoDB for schema...
2024-05-16T00:17:56.137-0700 D SCHEMA     [sampler] wildcard database selector used: running listDatabases
2024-05-16T00:17:56.138-0700 D SCHEMA     [sampler] finding namespaces in databases: [admin config local test]
2024-05-16T00:17:56.138-0700 D SCHEMA     [sampler] skipping "admin" database
2024-05-16T00:17:56.138-0700 D SCHEMA     [sampler] skipping "config" database
2024-05-16T00:17:56.138-0700 D SCHEMA     [sampler] skipping "local" database
2024-05-16T00:17:56.139-0700 D SCHEMA     [sampler] mapping schema for database "test"
2024-05-16T00:17:56.139-0700 D SCHEMA     [sampler] mapping schema for namespace "test"."city"
2024-05-16T00:17:56.145-0700 D SCHEMA     [mapping] mapped new table "city_loc" for array at field path "loc"
2024-05-16T00:17:56.145-0700 D SCHEMA     [mapping] mapped new table "city"
2024-05-16T00:17:56.145-0700 D SCHEMA     [sampler] finished mapping schema for namespace "test"."city"
2024-05-16T00:17:56.145-0700 I SCHEMA     [sampler] mapped schema for 1 namespace: "test" (1): ["city"]
2024-05-16T00:17:56.145-0700 I SCHEMA     [manager] refreshed schema
2024-05-16T00:17:56.145-0700 D SCHEMA     [manager] next schema refresh in 2 seconds
2024-05-16T00:17:58.153-0700 I SCHEMA     [manager] sampling schema
2024-05-16T00:17:58.156-0700 I SCHEMA     [sampler] sampling MongoDB for schema...
2024-05-16T00:17:58.156-0700 D SCHEMA     [sampler] wildcard database selector used: running listDatabases
2024-05-16T00:17:58.157-0700 D SCHEMA     [sampler] finding namespaces in databases: [admin config local test]
2024-05-16T00:17:58.157-0700 D SCHEMA     [sampler] skipping "admin" database
2024-05-16T00:17:58.157-0700 D SCHEMA     [sampler] skipping "config" database
2024-05-16T00:17:58.157-0700 D SCHEMA     [sampler] skipping "local" database
2024-05-16T00:17:58.158-0700 D SCHEMA     [sampler] mapping schema for database "test"
2024-05-16T00:17:58.158-0700 D SCHEMA     [sampler] mapping schema for namespace "test"."city"
2024-05-16T00:17:58.164-0700 D SCHEMA     [mapping] mapped new table "city_loc" for array at field path "loc"
2024-05-16T00:17:58.164-0700 D SCHEMA     [mapping] mapped new table "city"
2024-05-16T00:17:58.164-0700 D SCHEMA     [sampler] finished mapping schema for namespace "test"."city"
2024-05-16T00:17:58.164-0700 I SCHEMA     [sampler] mapped schema for 1 namespace: "test" (1): ["city"]
2024-05-16T00:17:58.164-0700 I SCHEMA     [manager] refreshed schema
2024-05-16T00:17:58.164-0700 D SCHEMA     [manager] next schema refresh in 2 seconds
2024-05-16T00:18:00.177-0700 I SCHEMA     [manager] sampling schema
2024-05-16T00:18:00.180-0700 I SCHEMA     [sampler] sampling MongoDB for schema...
2024-05-16T00:18:00.180-0700 D SCHEMA     [sampler] wildcard database selector used: running listDatabases
2024-05-16T00:18:00.180-0700 D SCHEMA     [sampler] finding namespaces in databases: [admin config local test]
2024-05-16T00:18:00.180-0700 D SCHEMA     [sampler] skipping "admin" database
2024-05-16T00:18:00.180-0700 D SCHEMA     [sampler] skipping "config" database
2024-05-16T00:18:00.180-0700 D SCHEMA     [sampler] skipping "local" database
2024-05-16T00:18:00.182-0700 D SCHEMA     [sampler] mapping schema for database "test"
2024-05-16T00:18:00.182-0700 D SCHEMA     [sampler] mapping schema for namespace "test"."city"
2024-05-16T00:18:00.187-0700 D SCHEMA     [mapping] mapped new table "city_loc" for array at field path "loc"
2024-05-16T00:18:00.187-0700 D SCHEMA     [mapping] mapped new table "city"
2024-05-16T00:18:00.187-0700 D SCHEMA     [sampler] finished mapping schema for namespace "test"."city"
2024-05-16T00:18:00.187-0700 I SCHEMA     [sampler] mapped schema for 1 namespace: "test" (1): ["city"]
2024-05-16T00:18:00.187-0700 I SCHEMA     [manager] refreshed schema
2024-05-16T00:18:00.187-0700 D SCHEMA     [manager] next schema refresh in 2 seconds
2024-05-16T00:18:02.199-0700 I SCHEMA     [manager] sampling schema
2024-05-16T00:18:02.202-0700 I SCHEMA     [sampler] sampling MongoDB for schema...
2024-05-16T00:18:02.202-0700 D SCHEMA     [sampler] wildcard database selector used: running listDatabases
2024-05-16T00:18:02.203-0700 D SCHEMA     [sampler] finding namespaces in databases: [admin config local test]
2024-05-16T00:18:02.203-0700 D SCHEMA     [sampler] skipping "admin" database
2024-05-16T00:18:02.203-0700 D SCHEMA     [sampler] skipping "config" database
2024-05-16T00:18:02.203-0700 D SCHEMA     [sampler] skipping "local" database
2024-05-16T00:18:02.204-0700 D SCHEMA     [sampler] mapping schema for database "test"
2024-05-16T00:18:02.204-0700 D SCHEMA     [sampler] mapping schema for namespace "test"."city"
2024-05-16T00:18:02.210-0700 D SCHEMA     [mapping] mapped new table "city_loc" for array at field path "loc"
2024-05-16T00:18:02.210-0700 D SCHEMA     [mapping] mapped new table "city"
2024-05-16T00:18:02.210-0700 D SCHEMA     [sampler] finished mapping schema for namespace "test"."city"
2024-05-16T00:18:02.210-0700 I SCHEMA     [sampler] mapped schema for 1 namespace: "test" (1): ["city"]
2024-05-16T00:18:02.210-0700 I SCHEMA     [manager] refreshed schema
2024-05-16T00:18:02.210-0700 D SCHEMA     [manager] next schema refresh in 2 seconds
2024-05-16T00:18:04.221-0700 I SCHEMA     [manager] sampling schema
2024-05-16T00:18:04.223-0700 I SCHEMA     [sampler] sampling MongoDB for schema...
2024-05-16T00:18:04.223-0700 D SCHEMA     [sampler] wildcard database selector used: running listDatabases
2024-05-16T00:18:04.223-0700 D SCHEMA     [sampler] finding namespaces in databases: [admin config local test]
2024-05-16T00:18:04.223-0700 D SCHEMA     [sampler] skipping "admin" database
2024-05-16T00:18:04.223-0700 D SCHEMA     [sampler] skipping "config" database
2024-05-16T00:18:04.223-0700 D SCHEMA     [sampler] skipping "local" database
2024-05-16T00:18:04.225-0700 D SCHEMA     [sampler] mapping schema for database "test"
2024-05-16T00:18:04.225-0700 D SCHEMA     [sampler] mapping schema for namespace "test"."city"
2024-05-16T00:18:04.230-0700 D SCHEMA     [mapping] mapped new table "city_loc" for array at field path "loc"
2024-05-16T00:18:04.230-0700 D SCHEMA     [mapping] mapped new table "city"
2024-05-16T00:18:04.230-0700 D SCHEMA     [sampler] finished mapping schema for namespace "test"."city"
2024-05-16T00:18:04.230-0700 I SCHEMA     [sampler] mapped schema for 1 namespace: "test" (1): ["city"]
2024-05-16T00:18:04.230-0700 I SCHEMA     [manager] refreshed schema
2024-05-16T00:18:04.230-0700 D SCHEMA     [manager] next schema refresh in 2 seconds
2024-05-16T00:18:06.238-0700 I SCHEMA     [manager] sampling schema
2024-05-16T00:18:06.241-0700 I SCHEMA     [sampler] sampling MongoDB for schema...
2024-05-16T00:18:06.241-0700 D SCHEMA     [sampler] wildcard database selector used: running listDatabases
2024-05-16T00:18:06.241-0700 D SCHEMA     [sampler] finding namespaces in databases: [admin config local test]
2024-05-16T00:18:06.241-0700 D SCHEMA     [sampler] skipping "admin" database
2024-05-16T00:18:06.241-0700 D SCHEMA     [sampler] skipping "config" database
2024-05-16T00:18:06.241-0700 D SCHEMA     [sampler] skipping "local" database
2024-05-16T00:18:06.243-0700 D SCHEMA     [sampler] mapping schema for database "test"
2024-05-16T00:18:06.243-0700 D SCHEMA     [sampler] mapping schema for namespace "test"."city"
2024-05-16T00:18:06.252-0700 D SCHEMA     [mapping] mapped new table "city_loc" for array at field path "loc"
2024-05-16T00:18:06.252-0700 D SCHEMA     [mapping] mapped new table "city"
2024-05-16T00:18:06.252-0700 D SCHEMA     [sampler] finished mapping schema for namespace "test"."city"
2024-05-16T00:18:06.252-0700 I SCHEMA     [sampler] mapped schema for 1 namespace: "test" (1): ["city"]
2024-05-16T00:18:06.252-0700 I SCHEMA     [manager] refreshed schema
2024-05-16T00:18:06.252-0700 D SCHEMA     [manager] next schema refresh in 2 seconds
2024-05-16T00:18:08.261-0700 I SCHEMA     [manager] sampling schema
2024-05-16T00:18:08.263-0700 I SCHEMA     [sampler] sampling MongoDB for schema...
2024-05-16T00:18:08.263-0700 D SCHEMA     [sampler] wildcard database selector used: running listDatabases
2024-05-16T00:18:08.264-0700 D SCHEMA     [sampler] finding namespaces in databases: [admin config local test]
2024-05-16T00:18:08.264-0700 D SCHEMA     [sampler] skipping "admin" database
2024-05-16T00:18:08.264-0700 D SCHEMA     [sampler] skipping "config" database
2024-05-16T00:18:08.264-0700 D SCHEMA     [sampler] skipping "local" database
2024-05-16T00:18:08.265-0700 D SCHEMA     [sampler] mapping schema for database "test"
2024-05-16T00:18:08.265-0700 D SCHEMA     [sampler] mapping schema for namespace "test"."city"
2024-05-16T00:18:08.271-0700 D SCHEMA     [mapping] mapped new table "city_loc" for array at field path "loc"
2024-05-16T00:18:08.271-0700 D SCHEMA     [mapping] mapped new table "city"
2024-05-16T00:18:08.271-0700 D SCHEMA     [sampler] finished mapping schema for namespace "test"."city"
2024-05-16T00:18:08.271-0700 I SCHEMA     [sampler] mapped schema for 1 namespace: "test" (1): ["city"]
2024-05-16T00:18:08.271-0700 I SCHEMA     [manager] refreshed schema
2024-05-16T00:18:08.271-0700 D SCHEMA     [manager] next schema refresh in 2 seconds
2024-05-16T00:18:10.272-0700 I SCHEMA     [manager] sampling schema
2024-05-16T00:18:10.274-0700 I SCHEMA     [sampler] sampling MongoDB for schema...
2024-05-16T00:18:10.274-0700 D SCHEMA     [sampler] wildcard database selector used: running listDatabases
2024-05-16T00:18:10.275-0700 D SCHEMA     [sampler] finding namespaces in databases: [admin config local test]
2024-05-16T00:18:10.275-0700 D SCHEMA     [sampler] skipping "admin" database
2024-05-16T00:18:10.275-0700 D SCHEMA     [sampler] skipping "config" database
2024-05-16T00:18:10.275-0700 D SCHEMA     [sampler] skipping "local" database
2024-05-16T00:18:10.276-0700 D SCHEMA     [sampler] mapping schema for database "test"
2024-05-16T00:18:10.276-0700 D SCHEMA     [sampler] mapping schema for namespace "test"."city"
2024-05-16T00:18:10.282-0700 D SCHEMA     [mapping] mapped new table "city_loc" for array at field path "loc"
2024-05-16T00:18:10.282-0700 D SCHEMA     [mapping] mapped new table "city"
2024-05-16T00:18:10.282-0700 D SCHEMA     [sampler] finished mapping schema for namespace "test"."city"
2024-05-16T00:18:10.282-0700 I SCHEMA     [sampler] mapped schema for 1 namespace: "test" (1): ["city"]
2024-05-16T00:18:10.282-0700 I SCHEMA     [manager] refreshed schema
2024-05-16T00:18:10.282-0700 D SCHEMA     [manager] next schema refresh in 2 seconds
2024-05-16T00:18:12.289-0700 I SCHEMA     [manager] sampling schema
2024-05-16T00:18:12.291-0700 I SCHEMA     [sampler] sampling MongoDB for schema...
2024-05-16T00:18:12.291-0700 D SCHEMA     [sampler] wildcard database selector used: running listDatabases
2024-05-16T00:18:12.292-0700 D SCHEMA     [sampler] finding namespaces in databases: [admin config local test]
2024-05-16T00:18:12.292-0700 D SCHEMA     [sampler] skipping "admin" database
2024-05-16T00:18:12.292-0700 D SCHEMA     [sampler] skipping "config" database
2024-05-16T00:18:12.292-0700 D SCHEMA     [sampler] skipping "local" database
2024-05-16T00:18:12.293-0700 D SCHEMA     [sampler] mapping schema for database "test"
2024-05-16T00:18:12.293-0700 D SCHEMA     [sampler] mapping schema for namespace "test"."city"
2024-05-16T00:18:12.299-0700 D SCHEMA     [mapping] mapped new table "city_loc" for array at field path "loc"
2024-05-16T00:18:12.299-0700 D SCHEMA     [mapping] mapped new table "city"
2024-05-16T00:18:12.299-0700 D SCHEMA     [sampler] finished mapping schema for namespace "test"."city"
2024-05-16T00:18:12.299-0700 I SCHEMA     [sampler] mapped schema for 1 namespace: "test" (1): ["city"]
2024-05-16T00:18:12.299-0700 I SCHEMA     [manager] refreshed schema
2024-05-16T00:18:12.299-0700 D SCHEMA     [manager] next schema refresh in 2 seconds
2024-05-16T00:18:14.312-0700 I SCHEMA     [manager] sampling schema
2024-05-16T00:18:14.315-0700 I SCHEMA     [sampler] sampling MongoDB for schema...
2024-05-16T00:18:14.315-0700 D SCHEMA     [sampler] wildcard database selector used: running listDatabases
2024-05-16T00:18:14.316-0700 D SCHEMA     [sampler] finding namespaces in databases: [admin config local test]
2024-05-16T00:18:14.316-0700 D SCHEMA     [sampler] skipping "admin" database
2024-05-16T00:18:14.316-0700 D SCHEMA     [sampler] skipping "config" database
2024-05-16T00:18:14.316-0700 D SCHEMA     [sampler] skipping "local" database
2024-05-16T00:18:14.318-0700 D SCHEMA     [sampler] mapping schema for database "test"
2024-05-16T00:18:14.318-0700 D SCHEMA     [sampler] mapping schema for namespace "test"."city"
2024-05-16T00:18:14.327-0700 D SCHEMA     [mapping] mapped new table "city_loc" for array at field path "loc"
2024-05-16T00:18:14.327-0700 D SCHEMA     [mapping] mapped new table "city"
2024-05-16T00:18:14.327-0700 D SCHEMA     [sampler] finished mapping schema for namespace "test"."city"
2024-05-16T00:18:14.327-0700 I SCHEMA     [sampler] mapped schema for 1 namespace: "test" (1): ["city"]
2024-05-16T00:18:14.327-0700 I SCHEMA     [manager] refreshed schema
2024-05-16T00:18:14.327-0700 D SCHEMA     [manager] next schema refresh in 2 seconds
2024-05-16T00:18:16.330-0700 I SCHEMA     [manager] sampling schema
2024-05-16T00:18:16.333-0700 I SCHEMA     [sampler] sampling MongoDB for schema...
2024-05-16T00:18:16.333-0700 D SCHEMA     [sampler] wildcard database selector used: running listDatabases
2024-05-16T00:18:16.335-0700 D SCHEMA     [sampler] finding namespaces in databases: [admin config local test]
2024-05-16T00:18:16.335-0700 D SCHEMA     [sampler] skipping "admin" database
2024-05-16T00:18:16.335-0700 D SCHEMA     [sampler] skipping "config" database
2024-05-16T00:18:16.335-0700 D SCHEMA     [sampler] skipping "local" database
2024-05-16T00:18:16.336-0700 D SCHEMA     [sampler] mapping schema for database "test"
2024-05-16T00:18:16.336-0700 D SCHEMA     [sampler] mapping schema for namespace "test"."city"
2024-05-16T00:18:16.343-0700 D SCHEMA     [mapping] mapped new table "city_loc" for array at field path "loc"
2024-05-16T00:18:16.343-0700 D SCHEMA     [mapping] mapped new table "city"
2024-05-16T00:18:16.343-0700 D SCHEMA     [sampler] finished mapping schema for namespace "test"."city"
2024-05-16T00:18:16.343-0700 I SCHEMA     [sampler] mapped schema for 1 namespace: "test" (1): ["city"]
2024-05-16T00:18:16.343-0700 I SCHEMA     [manager] refreshed schema
2024-05-16T00:18:16.343-0700 D SCHEMA     [manager] next schema refresh in 2 seconds
2024-05-16T00:18:18.351-0700 I SCHEMA     [manager] sampling schema
2024-05-16T00:18:18.355-0700 I SCHEMA     [sampler] sampling MongoDB for schema...
2024-05-16T00:18:18.355-0700 D SCHEMA     [sampler] wildcard database selector used: running listDatabases
2024-05-16T00:18:18.356-0700 D SCHEMA     [sampler] finding namespaces in databases: [admin config local test]
2024-05-16T00:18:18.356-0700 D SCHEMA     [sampler] skipping "admin" database
2024-05-16T00:18:18.356-0700 D SCHEMA     [sampler] skipping "config" database
2024-05-16T00:18:18.356-0700 D SCHEMA     [sampler] skipping "local" database
2024-05-16T00:18:18.357-0700 D SCHEMA     [sampler] mapping schema for database "test"
2024-05-16T00:18:18.357-0700 D SCHEMA     [sampler] mapping schema for namespace "test"."city"
2024-05-16T00:18:18.363-0700 D SCHEMA     [mapping] mapped new table "city_loc" for array at field path "loc"
2024-05-16T00:18:18.363-0700 D SCHEMA     [mapping] mapped new table "city"
2024-05-16T00:18:18.363-0700 D SCHEMA     [sampler] finished mapping schema for namespace "test"."city"
2024-05-16T00:18:18.363-0700 I SCHEMA     [sampler] mapped schema for 1 namespace: "test" (1): ["city"]
2024-05-16T00:18:18.363-0700 I SCHEMA     [manager] refreshed schema
2024-05-16T00:18:18.363-0700 D SCHEMA     [manager] next schema refresh in 2 seconds
2024-05-16T00:18:20.372-0700 I SCHEMA     [manager] sampling schema
2024-05-16T00:18:20.374-0700 I SCHEMA     [sampler] sampling MongoDB for schema...
2024-05-16T00:18:20.374-0700 D SCHEMA     [sampler] wildcard database selector used: running listDatabases
2024-05-16T00:18:20.375-0700 D SCHEMA     [sampler] finding namespaces in databases: [admin config local test]
2024-05-16T00:18:20.375-0700 D SCHEMA     [sampler] skipping "admin" database
2024-05-16T00:18:20.375-0700 D SCHEMA     [sampler] skipping "config" database
2024-05-16T00:18:20.375-0700 D SCHEMA     [sampler] skipping "local" database
2024-05-16T00:18:20.377-0700 D SCHEMA     [sampler] mapping schema for database "test"
2024-05-16T00:18:20.377-0700 D SCHEMA     [sampler] mapping schema for namespace "test"."city"
2024-05-16T00:18:20.387-0700 D SCHEMA     [mapping] mapped new table "city_loc" for array at field path "loc"
2024-05-16T00:18:20.387-0700 D SCHEMA     [mapping] mapped new table "city"
2024-05-16T00:18:20.387-0700 D SCHEMA     [sampler] finished mapping schema for namespace "test"."city"
2024-05-16T00:18:20.387-0700 I SCHEMA     [sampler] mapped schema for 1 namespace: "test" (1): ["city"]
2024-05-16T00:18:20.387-0700 I SCHEMA     [manager] refreshed schema
2024-05-16T00:18:20.387-0700 D SCHEMA     [manager] next schema refresh in 2 seconds
2024-05-16T00:18:22.398-0700 I SCHEMA     [manager] sampling schema
2024-05-16T00:18:22.401-0700 I SCHEMA     [sampler] sampling MongoDB for schema...
2024-05-16T00:18:22.401-0700 D SCHEMA     [sampler] wildcard database selector used: running listDatabases
2024-05-16T00:18:22.402-0700 D SCHEMA     [sampler] finding namespaces in databases: [admin config local test]
2024-05-16T00:18:22.402-0700 D SCHEMA     [sampler] skipping "admin" database
2024-05-16T00:18:22.402-0700 D SCHEMA     [sampler] skipping "config" database
2024-05-16T00:18:22.402-0700 D SCHEMA     [sampler] skipping "local" database
2024-05-16T00:18:22.404-0700 D SCHEMA     [sampler] mapping schema for database "test"
2024-05-16T00:18:22.404-0700 D SCHEMA     [sampler] mapping schema for namespace "test"."city"
2024-05-16T00:18:22.411-0700 D SCHEMA     [mapping] mapped new table "city_loc" for array at field path "loc"
2024-05-16T00:18:22.411-0700 D SCHEMA     [mapping] mapped new table "city"
2024-05-16T00:18:22.411-0700 D SCHEMA     [sampler] finished mapping schema for namespace "test"."city"
2024-05-16T00:18:22.411-0700 I SCHEMA     [sampler] mapped schema for 1 namespace: "test" (1): ["city"]
2024-05-16T00:18:22.411-0700 I SCHEMA     [manager] refreshed schema
2024-05-16T00:18:22.411-0700 D SCHEMA     [manager] next schema refresh in 2 seconds
2024-05-16T00:18:24.423-0700 I SCHEMA     [manager] sampling schema
2024-05-16T00:18:24.426-0700 I SCHEMA     [sampler] sampling MongoDB for schema...
2024-05-16T00:18:24.426-0700 D SCHEMA     [sampler] wildcard database selector used: running listDatabases
2024-05-16T00:18:24.427-0700 D SCHEMA     [sampler] finding namespaces in databases: [admin config local test]
2024-05-16T00:18:24.427-0700 D SCHEMA     [sampler] skipping "admin" database
2024-05-16T00:18:24.427-0700 D SCHEMA     [sampler] skipping "config" database
2024-05-16T00:18:24.427-0700 D SCHEMA     [sampler] skipping "local" database
2024-05-16T00:18:24.430-0700 D SCHEMA     [sampler] mapping schema for database "test"
2024-05-16T00:18:24.430-0700 D SCHEMA     [sampler] mapping schema for namespace "test"."city"
2024-05-16T00:18:24.446-0700 D SCHEMA     [mapping] mapped new table "city_loc" for array at field path "loc"
2024-05-16T00:18:24.446-0700 D SCHEMA     [mapping] mapped new table "city"
2024-05-16T00:18:24.446-0700 D SCHEMA     [sampler] finished mapping schema for namespace "test"."city"
2024-05-16T00:18:24.446-0700 I SCHEMA     [sampler] mapped schema for 1 namespace: "test" (1): ["city"]
2024-05-16T00:18:24.446-0700 I SCHEMA     [manager] refreshed schema
2024-05-16T00:18:24.446-0700 D SCHEMA     [manager] next schema refresh in 2 seconds
2024-05-16T00:18:26.452-0700 I SCHEMA     [manager] sampling schema
2024-05-16T00:18:26.454-0700 I SCHEMA     [sampler] sampling MongoDB for schema...
2024-05-16T00:18:26.454-0700 D SCHEMA     [sampler] wildcard database selector used: running listDatabases
2024-05-16T00:18:26.455-0700 D SCHEMA     [sampler] finding namespaces in databases: [admin config local test]
2024-05-16T00:18:26.455-0700 D SCHEMA     [sampler] skipping "admin" database
2024-05-16T00:18:26.455-0700 D SCHEMA     [sampler] skipping "config" database
2024-05-16T00:18:26.455-0700 D SCHEMA     [sampler] skipping "local" database
2024-05-16T00:18:26.457-0700 D SCHEMA     [sampler] mapping schema for database "test"
2024-05-16T00:18:26.457-0700 D SCHEMA     [sampler] mapping schema for namespace "test"."city"
2024-05-16T00:18:26.462-0700 D SCHEMA     [mapping] mapped new table "city_loc" for array at field path "loc"
2024-05-16T00:18:26.462-0700 D SCHEMA     [mapping] mapped new table "city"
2024-05-16T00:18:26.462-0700 D SCHEMA     [sampler] finished mapping schema for namespace "test"."city"
2024-05-16T00:18:26.462-0700 I SCHEMA     [sampler] mapped schema for 1 namespace: "test" (1): ["city"]
2024-05-16T00:18:26.462-0700 I SCHEMA     [manager] refreshed schema
2024-05-16T00:18:26.462-0700 D SCHEMA     [manager] next schema refresh in 2 seconds
2024-05-16T00:18:28.477-0700 I SCHEMA     [manager] sampling schema
2024-05-16T00:18:28.479-0700 I SCHEMA     [sampler] sampling MongoDB for schema...
2024-05-16T00:18:28.479-0700 D SCHEMA     [sampler] wildcard database selector used: running listDatabases
2024-05-16T00:18:28.479-0700 D SCHEMA     [sampler] finding namespaces in databases: [admin config local test]
2024-05-16T00:18:28.479-0700 D SCHEMA     [sampler] skipping "admin" database
2024-05-16T00:18:28.480-0700 D SCHEMA     [sampler] skipping "config" database
2024-05-16T00:18:28.480-0700 D SCHEMA     [sampler] skipping "local" database
2024-05-16T00:18:28.481-0700 D SCHEMA     [sampler] mapping schema for database "test"
2024-05-16T00:18:28.481-0700 D SCHEMA     [sampler] mapping schema for namespace "test"."city"
2024-05-16T00:18:28.488-0700 D SCHEMA     [mapping] mapped new table "city_loc" for array at field path "loc"
2024-05-16T00:18:28.488-0700 D SCHEMA     [mapping] mapped new table "city"
2024-05-16T00:18:28.488-0700 D SCHEMA     [sampler] finished mapping schema for namespace "test"."city"
2024-05-16T00:18:28.488-0700 I SCHEMA     [sampler] mapped schema for 1 namespace: "test" (1): ["city"]
2024-05-16T00:18:28.488-0700 I SCHEMA     [manager] refreshed schema
2024-05-16T00:18:28.488-0700 D SCHEMA     [manager] next schema refresh in 2 seconds
2024-05-16T00:18:30.488-0700 I SCHEMA     [manager] sampling schema
2024-05-16T00:18:30.490-0700 I SCHEMA     [sampler] sampling MongoDB for schema...
2024-05-16T00:18:30.490-0700 D SCHEMA     [sampler] wildcard database selector used: running listDatabases
2024-05-16T00:18:30.491-0700 D SCHEMA     [sampler] finding namespaces in databases: [admin config local test]
2024-05-16T00:18:30.491-0700 D SCHEMA     [sampler] skipping "admin" database
2024-05-16T00:18:30.491-0700 D SCHEMA     [sampler] skipping "config" database
2024-05-16T00:18:30.491-0700 D SCHEMA     [sampler] skipping "local" database
2024-05-16T00:18:30.492-0700 D SCHEMA     [sampler] mapping schema for database "test"
2024-05-16T00:18:30.492-0700 D SCHEMA     [sampler] mapping schema for namespace "test"."city"
2024-05-16T00:18:30.499-0700 D SCHEMA     [mapping] mapped new table "city_loc" for array at field path "loc"
2024-05-16T00:18:30.499-0700 D SCHEMA     [mapping] mapped new table "city"
2024-05-16T00:18:30.499-0700 D SCHEMA     [sampler] finished mapping schema for namespace "test"."city"
2024-05-16T00:18:30.499-0700 I SCHEMA     [sampler] mapped schema for 1 namespace: "test" (1): ["city"]
2024-05-16T00:18:30.499-0700 I SCHEMA     [manager] refreshed schema
2024-05-16T00:18:30.499-0700 D SCHEMA     [manager] next schema refresh in 2 seconds
2024-05-16T00:18:32.512-0700 I SCHEMA     [manager] sampling schema
2024-05-16T00:18:32.514-0700 I SCHEMA     [sampler] sampling MongoDB for schema...
2024-05-16T00:18:32.514-0700 D SCHEMA     [sampler] wildcard database selector used: running listDatabases
2024-05-16T00:18:32.515-0700 D SCHEMA     [sampler] finding namespaces in databases: [admin config local test]
2024-05-16T00:18:32.515-0700 D SCHEMA     [sampler] skipping "admin" database
2024-05-16T00:18:32.515-0700 D SCHEMA     [sampler] skipping "config" database
2024-05-16T00:18:32.515-0700 D SCHEMA     [sampler] skipping "local" database
2024-05-16T00:18:32.516-0700 D SCHEMA     [sampler] mapping schema for database "test"
2024-05-16T00:18:32.516-0700 D SCHEMA     [sampler] mapping schema for namespace "test"."city"
2024-05-16T00:18:32.522-0700 D SCHEMA     [mapping] mapped new table "city_loc" for array at field path "loc"
2024-05-16T00:18:32.522-0700 D SCHEMA     [mapping] mapped new table "city"
2024-05-16T00:18:32.522-0700 D SCHEMA     [sampler] finished mapping schema for namespace "test"."city"
2024-05-16T00:18:32.522-0700 I SCHEMA     [sampler] mapped schema for 1 namespace: "test" (1): ["city"]
2024-05-16T00:18:32.522-0700 I SCHEMA     [manager] refreshed schema
2024-05-16T00:18:32.522-0700 D SCHEMA     [manager] next schema refresh in 2 seconds
2024-05-16T00:18:34.525-0700 I SCHEMA     [manager] sampling schema
2024-05-16T00:18:34.528-0700 I SCHEMA     [sampler] sampling MongoDB for schema...
2024-05-16T00:18:34.528-0700 D SCHEMA     [sampler] wildcard database selector used: running listDatabases
2024-05-16T00:18:34.529-0700 D SCHEMA     [sampler] finding namespaces in databases: [admin config local test]
2024-05-16T00:18:34.529-0700 D SCHEMA     [sampler] skipping "admin" database
2024-05-16T00:18:34.529-0700 D SCHEMA     [sampler] skipping "config" database
2024-05-16T00:18:34.529-0700 D SCHEMA     [sampler] skipping "local" database
2024-05-16T00:18:34.531-0700 D SCHEMA     [sampler] mapping schema for database "test"
2024-05-16T00:18:34.531-0700 D SCHEMA     [sampler] mapping schema for namespace "test"."city"
2024-05-16T00:18:34.538-0700 D SCHEMA     [mapping] mapped new table "city_loc" for array at field path "loc"
2024-05-16T00:18:34.538-0700 D SCHEMA     [mapping] mapped new table "city"
2024-05-16T00:18:34.538-0700 D SCHEMA     [sampler] finished mapping schema for namespace "test"."city"
2024-05-16T00:18:34.538-0700 I SCHEMA     [sampler] mapped schema for 1 namespace: "test" (1): ["city"]
2024-05-16T00:18:34.538-0700 I SCHEMA     [manager] refreshed schema
2024-05-16T00:18:34.538-0700 D SCHEMA     [manager] next schema refresh in 2 seconds
2024-05-16T00:18:36.553-0700 I SCHEMA     [manager] sampling schema
2024-05-16T00:18:36.557-0700 I SCHEMA     [sampler] sampling MongoDB for schema...
2024-05-16T00:18:36.557-0700 D SCHEMA     [sampler] wildcard database selector used: running listDatabases
2024-05-16T00:18:36.558-0700 D SCHEMA     [sampler] finding namespaces in databases: [admin config local test]
2024-05-16T00:18:36.558-0700 D SCHEMA     [sampler] skipping "admin" database
2024-05-16T00:18:36.558-0700 D SCHEMA     [sampler] skipping "config" database
2024-05-16T00:18:36.558-0700 D SCHEMA     [sampler] skipping "local" database
2024-05-16T00:18:36.560-0700 D SCHEMA     [sampler] mapping schema for database "test"
2024-05-16T00:18:36.560-0700 D SCHEMA     [sampler] mapping schema for namespace "test"."city"
2024-05-16T00:18:36.570-0700 D SCHEMA     [mapping] mapped new table "city_loc" for array at field path "loc"
2024-05-16T00:18:36.570-0700 D SCHEMA     [mapping] mapped new table "city"
2024-05-16T00:18:36.570-0700 D SCHEMA     [sampler] finished mapping schema for namespace "test"."city"
2024-05-16T00:18:36.570-0700 I SCHEMA     [sampler] mapped schema for 1 namespace: "test" (1): ["city"]
2024-05-16T00:18:36.570-0700 I SCHEMA     [manager] refreshed schema
2024-05-16T00:18:36.570-0700 D SCHEMA     [manager] next schema refresh in 2 seconds
2024-05-16T00:18:38.572-0700 I SCHEMA     [manager] sampling schema
2024-05-16T00:18:38.575-0700 I SCHEMA     [sampler] sampling MongoDB for schema...
2024-05-16T00:18:38.575-0700 D SCHEMA     [sampler] wildcard database selector used: running listDatabases
2024-05-16T00:18:38.577-0700 D SCHEMA     [sampler] finding namespaces in databases: [admin config local test]
2024-05-16T00:18:38.577-0700 D SCHEMA     [sampler] skipping "admin" database
2024-05-16T00:18:38.577-0700 D SCHEMA     [sampler] skipping "config" database
2024-05-16T00:18:38.577-0700 D SCHEMA     [sampler] skipping "local" database
2024-05-16T00:18:38.579-0700 D SCHEMA     [sampler] mapping schema for database "test"
2024-05-16T00:18:38.579-0700 D SCHEMA     [sampler] mapping schema for namespace "test"."city"
2024-05-16T00:18:38.589-0700 D SCHEMA     [mapping] mapped new table "city_loc" for array at field path "loc"
2024-05-16T00:18:38.589-0700 D SCHEMA     [mapping] mapped new table "city"
2024-05-16T00:18:38.589-0700 D SCHEMA     [sampler] finished mapping schema for namespace "test"."city"
2024-05-16T00:18:38.589-0700 I SCHEMA     [sampler] mapped schema for 1 namespace: "test" (1): ["city"]
2024-05-16T00:18:38.589-0700 I SCHEMA     [manager] refreshed schema
2024-05-16T00:18:38.589-0700 D SCHEMA     [manager] next schema refresh in 2 seconds
2024-05-16T00:18:40.590-0700 I SCHEMA     [manager] sampling schema
2024-05-16T00:18:40.593-0700 I SCHEMA     [sampler] sampling MongoDB for schema...
2024-05-16T00:18:40.593-0700 D SCHEMA     [sampler] wildcard database selector used: running listDatabases
2024-05-16T00:18:40.596-0700 D SCHEMA     [sampler] finding namespaces in databases: [admin config local test]
2024-05-16T00:18:40.596-0700 D SCHEMA     [sampler] skipping "admin" database
2024-05-16T00:18:40.596-0700 D SCHEMA     [sampler] skipping "config" database
2024-05-16T00:18:40.596-0700 D SCHEMA     [sampler] skipping "local" database
2024-05-16T00:18:40.599-0700 D SCHEMA     [sampler] mapping schema for database "test"
2024-05-16T00:18:40.599-0700 D SCHEMA     [sampler] mapping schema for namespace "test"."city"
2024-05-16T00:18:40.609-0700 D SCHEMA     [mapping] mapped new table "city_loc" for array at field path "loc"
2024-05-16T00:18:40.609-0700 D SCHEMA     [mapping] mapped new table "city"
2024-05-16T00:18:40.609-0700 D SCHEMA     [sampler] finished mapping schema for namespace "test"."city"
2024-05-16T00:18:40.609-0700 I SCHEMA     [sampler] mapped schema for 1 namespace: "test" (1): ["city"]
2024-05-16T00:18:40.609-0700 I SCHEMA     [manager] refreshed schema
2024-05-16T00:18:40.609-0700 D SCHEMA     [manager] next schema refresh in 2 seconds
2024-05-16T00:18:42.620-0700 I SCHEMA     [manager] sampling schema
2024-05-16T00:18:42.624-0700 I SCHEMA     [sampler] sampling MongoDB for schema...
2024-05-16T00:18:42.624-0700 D SCHEMA     [sampler] wildcard database selector used: running listDatabases
2024-05-16T00:18:42.625-0700 D SCHEMA     [sampler] finding namespaces in databases: [admin config local test]
2024-05-16T00:18:42.625-0700 D SCHEMA     [sampler] skipping "admin" database
2024-05-16T00:18:42.625-0700 D SCHEMA     [sampler] skipping "config" database
2024-05-16T00:18:42.625-0700 D SCHEMA     [sampler] skipping "local" database
2024-05-16T00:18:42.627-0700 D SCHEMA     [sampler] mapping schema for database "test"
2024-05-16T00:18:42.627-0700 D SCHEMA     [sampler] mapping schema for namespace "test"."city"
2024-05-16T00:18:42.637-0700 D SCHEMA     [mapping] mapped new table "city_loc" for array at field path "loc"
2024-05-16T00:18:42.637-0700 D SCHEMA     [mapping] mapped new table "city"
2024-05-16T00:18:42.637-0700 D SCHEMA     [sampler] finished mapping schema for namespace "test"."city"
2024-05-16T00:18:42.637-0700 I SCHEMA     [sampler] mapped schema for 1 namespace: "test" (1): ["city"]
2024-05-16T00:18:42.637-0700 I SCHEMA     [manager] refreshed schema
2024-05-16T00:18:42.637-0700 D SCHEMA     [manager] next schema refresh in 2 seconds
2024-05-16T00:18:44.641-0700 I SCHEMA     [manager] sampling schema
2024-05-16T00:18:44.645-0700 I SCHEMA     [sampler] sampling MongoDB for schema...
2024-05-16T00:18:44.645-0700 D SCHEMA     [sampler] wildcard database selector used: running listDatabases
2024-05-16T00:18:44.645-0700 D SCHEMA     [sampler] finding namespaces in databases: [admin config local test]
2024-05-16T00:18:44.645-0700 D SCHEMA     [sampler] skipping "admin" database
2024-05-16T00:18:44.645-0700 D SCHEMA     [sampler] skipping "config" database
2024-05-16T00:18:44.645-0700 D SCHEMA     [sampler] skipping "local" database
2024-05-16T00:18:44.648-0700 D SCHEMA     [sampler] mapping schema for database "test"
2024-05-16T00:18:44.648-0700 D SCHEMA     [sampler] mapping schema for namespace "test"."city"
2024-05-16T00:18:44.657-0700 D SCHEMA     [mapping] mapped new table "city_loc" for array at field path "loc"
2024-05-16T00:18:44.657-0700 D SCHEMA     [mapping] mapped new table "city"
2024-05-16T00:18:44.657-0700 D SCHEMA     [sampler] finished mapping schema for namespace "test"."city"
2024-05-16T00:18:44.657-0700 I SCHEMA     [sampler] mapped schema for 1 namespace: "test" (1): ["city"]
2024-05-16T00:18:44.657-0700 I SCHEMA     [manager] refreshed schema
2024-05-16T00:18:44.657-0700 D SCHEMA     [manager] next schema refresh in 2 seconds
2024-05-16T00:18:46.663-0700 I SCHEMA     [manager] sampling schema
2024-05-16T00:18:46.667-0700 I SCHEMA     [sampler] sampling MongoDB for schema...
2024-05-16T00:18:46.667-0700 D SCHEMA     [sampler] wildcard database selector used: running listDatabases
2024-05-16T00:18:46.668-0700 D SCHEMA     [sampler] finding namespaces in databases: [admin config local test]
2024-05-16T00:18:46.668-0700 D SCHEMA     [sampler] skipping "admin" database
2024-05-16T00:18:46.668-0700 D SCHEMA     [sampler] skipping "config" database
2024-05-16T00:18:46.668-0700 D SCHEMA     [sampler] skipping "local" database
2024-05-16T00:18:46.669-0700 D SCHEMA     [sampler] mapping schema for database "test"
2024-05-16T00:18:46.669-0700 D SCHEMA     [sampler] mapping schema for namespace "test"."city"
2024-05-16T00:18:46.680-0700 D SCHEMA     [mapping] mapped new table "city_loc" for array at field path "loc"
2024-05-16T00:18:46.680-0700 D SCHEMA     [mapping] mapped new table "city"
2024-05-16T00:18:46.680-0700 D SCHEMA     [sampler] finished mapping schema for namespace "test"."city"
2024-05-16T00:18:46.680-0700 I SCHEMA     [sampler] mapped schema for 1 namespace: "test" (1): ["city"]
2024-05-16T00:18:46.680-0700 I SCHEMA     [manager] refreshed schema
2024-05-16T00:18:46.680-0700 D SCHEMA     [manager] next schema refresh in 2 seconds
2024-05-16T00:18:48.689-0700 I SCHEMA     [manager] sampling schema
2024-05-16T00:18:48.693-0700 I SCHEMA     [sampler] sampling MongoDB for schema...
2024-05-16T00:18:48.693-0700 D SCHEMA     [sampler] wildcard database selector used: running listDatabases
2024-05-16T00:18:48.694-0700 D SCHEMA     [sampler] finding namespaces in databases: [admin config local test]
2024-05-16T00:18:48.694-0700 D SCHEMA     [sampler] skipping "admin" database
2024-05-16T00:18:48.694-0700 D SCHEMA     [sampler] skipping "config" database
2024-05-16T00:18:48.694-0700 D SCHEMA     [sampler] skipping "local" database
2024-05-16T00:18:48.696-0700 D SCHEMA     [sampler] mapping schema for database "test"
2024-05-16T00:18:48.696-0700 D SCHEMA     [sampler] mapping schema for namespace "test"."city"
2024-05-16T00:18:48.705-0700 D SCHEMA     [mapping] mapped new table "city_loc" for array at field path "loc"
2024-05-16T00:18:48.705-0700 D SCHEMA     [mapping] mapped new table "city"
2024-05-16T00:18:48.705-0700 D SCHEMA     [sampler] finished mapping schema for namespace "test"."city"
2024-05-16T00:18:48.705-0700 I SCHEMA     [sampler] mapped schema for 1 namespace: "test" (1): ["city"]
2024-05-16T00:18:48.705-0700 I SCHEMA     [manager] refreshed schema
2024-05-16T00:18:48.705-0700 D SCHEMA     [manager] next schema refresh in 2 seconds
2024-05-16T00:18:50.719-0700 I SCHEMA     [manager] sampling schema
2024-05-16T00:18:50.722-0700 I SCHEMA     [sampler] sampling MongoDB for schema...
2024-05-16T00:18:50.722-0700 D SCHEMA     [sampler] wildcard database selector used: running listDatabases
2024-05-16T00:18:50.725-0700 D SCHEMA     [sampler] finding namespaces in databases: [admin config local test]
2024-05-16T00:18:50.725-0700 D SCHEMA     [sampler] skipping "admin" database
2024-05-16T00:18:50.725-0700 D SCHEMA     [sampler] skipping "config" database
2024-05-16T00:18:50.725-0700 D SCHEMA     [sampler] skipping "local" database
2024-05-16T00:18:50.727-0700 D SCHEMA     [sampler] mapping schema for database "test"
2024-05-16T00:18:50.727-0700 D SCHEMA     [sampler] mapping schema for namespace "test"."city"
2024-05-16T00:18:50.736-0700 D SCHEMA     [mapping] mapped new table "city_loc" for array at field path "loc"
2024-05-16T00:18:50.736-0700 D SCHEMA     [mapping] mapped new table "city"
2024-05-16T00:18:50.736-0700 D SCHEMA     [sampler] finished mapping schema for namespace "test"."city"
2024-05-16T00:18:50.736-0700 I SCHEMA     [sampler] mapped schema for 1 namespace: "test" (1): ["city"]
2024-05-16T00:18:50.736-0700 I SCHEMA     [manager] refreshed schema
2024-05-16T00:18:50.736-0700 D SCHEMA     [manager] next schema refresh in 2 seconds
2024-05-16T00:18:52.745-0700 I SCHEMA     [manager] sampling schema
2024-05-16T00:18:52.749-0700 I SCHEMA     [sampler] sampling MongoDB for schema...
2024-05-16T00:18:52.749-0700 D SCHEMA     [sampler] wildcard database selector used: running listDatabases
2024-05-16T00:18:52.751-0700 D SCHEMA     [sampler] finding namespaces in databases: [admin config local test]
2024-05-16T00:18:52.751-0700 D SCHEMA     [sampler] skipping "admin" database
2024-05-16T00:18:52.751-0700 D SCHEMA     [sampler] skipping "config" database
2024-05-16T00:18:52.751-0700 D SCHEMA     [sampler] skipping "local" database
2024-05-16T00:18:52.753-0700 D SCHEMA     [sampler] mapping schema for database "test"
2024-05-16T00:18:52.753-0700 D SCHEMA     [sampler] mapping schema for namespace "test"."city"
2024-05-16T00:18:52.762-0700 D SCHEMA     [mapping] mapped new table "city_loc" for array at field path "loc"
2024-05-16T00:18:52.762-0700 D SCHEMA     [mapping] mapped new table "city"
2024-05-16T00:18:52.762-0700 D SCHEMA     [sampler] finished mapping schema for namespace "test"."city"
2024-05-16T00:18:52.762-0700 I SCHEMA     [sampler] mapped schema for 1 namespace: "test" (1): ["city"]
2024-05-16T00:18:52.762-0700 I SCHEMA     [manager] refreshed schema
2024-05-16T00:18:52.762-0700 D SCHEMA     [manager] next schema refresh in 2 seconds
2024-05-16T00:18:54.775-0700 I SCHEMA     [manager] sampling schema
2024-05-16T00:18:54.779-0700 I SCHEMA     [sampler] sampling MongoDB for schema...
2024-05-16T00:18:54.779-0700 D SCHEMA     [sampler] wildcard database selector used: running listDatabases
2024-05-16T00:18:54.781-0700 D SCHEMA     [sampler] finding namespaces in databases: [admin config local test]
2024-05-16T00:18:54.781-0700 D SCHEMA     [sampler] skipping "admin" database
2024-05-16T00:18:54.781-0700 D SCHEMA     [sampler] skipping "config" database
2024-05-16T00:18:54.781-0700 D SCHEMA     [sampler] skipping "local" database
2024-05-16T00:18:54.783-0700 D SCHEMA     [sampler] mapping schema for database "test"
2024-05-16T00:18:54.783-0700 D SCHEMA     [sampler] mapping schema for namespace "test"."city"
2024-05-16T00:18:54.792-0700 D SCHEMA     [mapping] mapped new table "city_loc" for array at field path "loc"
2024-05-16T00:18:54.792-0700 D SCHEMA     [mapping] mapped new table "city"
2024-05-16T00:18:54.792-0700 D SCHEMA     [sampler] finished mapping schema for namespace "test"."city"
2024-05-16T00:18:54.792-0700 I SCHEMA     [sampler] mapped schema for 1 namespace: "test" (1): ["city"]
2024-05-16T00:18:54.792-0700 I SCHEMA     [manager] refreshed schema
2024-05-16T00:18:54.792-0700 D SCHEMA     [manager] next schema refresh in 2 seconds
2024-05-16T00:18:56.796-0700 I SCHEMA     [manager] sampling schema
2024-05-16T00:18:56.799-0700 I SCHEMA     [sampler] sampling MongoDB for schema...
2024-05-16T00:18:56.799-0700 D SCHEMA     [sampler] wildcard database selector used: running listDatabases
2024-05-16T00:18:56.801-0700 D SCHEMA     [sampler] finding namespaces in databases: [admin config local test]
2024-05-16T00:18:56.801-0700 D SCHEMA     [sampler] skipping "admin" database
2024-05-16T00:18:56.801-0700 D SCHEMA     [sampler] skipping "config" database
2024-05-16T00:18:56.801-0700 D SCHEMA     [sampler] skipping "local" database
2024-05-16T00:18:56.804-0700 D SCHEMA     [sampler] mapping schema for database "test"
2024-05-16T00:18:56.804-0700 D SCHEMA     [sampler] mapping schema for namespace "test"."city"
2024-05-16T00:18:56.814-0700 D SCHEMA     [mapping] mapped new table "city_loc" for array at field path "loc"
2024-05-16T00:18:56.814-0700 D SCHEMA     [mapping] mapped new table "city"
2024-05-16T00:18:56.814-0700 D SCHEMA     [sampler] finished mapping schema for namespace "test"."city"
2024-05-16T00:18:56.814-0700 I SCHEMA     [sampler] mapped schema for 1 namespace: "test" (1): ["city"]
2024-05-16T00:18:56.814-0700 I SCHEMA     [manager] refreshed schema
2024-05-16T00:18:56.814-0700 D SCHEMA     [manager] next schema refresh in 2 seconds
2024-05-16T00:18:58.825-0700 I SCHEMA     [manager] sampling schema
2024-05-16T00:18:58.829-0700 I SCHEMA     [sampler] sampling MongoDB for schema...
2024-05-16T00:18:58.829-0700 D SCHEMA     [sampler] wildcard database selector used: running listDatabases
2024-05-16T00:18:58.832-0700 D SCHEMA     [sampler] finding namespaces in databases: [admin config local test]
2024-05-16T00:18:58.832-0700 D SCHEMA     [sampler] skipping "admin" database
2024-05-16T00:18:58.832-0700 D SCHEMA     [sampler] skipping "config" database
2024-05-16T00:18:58.832-0700 D SCHEMA     [sampler] skipping "local" database
2024-05-16T00:18:58.834-0700 D SCHEMA     [sampler] mapping schema for database "test"
2024-05-16T00:18:58.834-0700 D SCHEMA     [sampler] mapping schema for namespace "test"."city"
2024-05-16T00:18:58.847-0700 D SCHEMA     [mapping] mapped new table "city_loc" for array at field path "loc"
2024-05-16T00:18:58.847-0700 D SCHEMA     [mapping] mapped new table "city"
2024-05-16T00:18:58.847-0700 D SCHEMA     [sampler] finished mapping schema for namespace "test"."city"
2024-05-16T00:18:58.847-0700 I SCHEMA     [sampler] mapped schema for 1 namespace: "test" (1): ["city"]
2024-05-16T00:18:58.847-0700 I SCHEMA     [manager] refreshed schema
2024-05-16T00:18:58.847-0700 D SCHEMA     [manager] next schema refresh in 2 seconds
2024-05-16T00:19:00.849-0700 I SCHEMA     [manager] sampling schema
2024-05-16T00:19:00.851-0700 I SCHEMA     [sampler] sampling MongoDB for schema...
2024-05-16T00:19:00.851-0700 D SCHEMA     [sampler] wildcard database selector used: running listDatabases
2024-05-16T00:19:00.852-0700 D SCHEMA     [sampler] finding namespaces in databases: [admin config local test]
2024-05-16T00:19:00.852-0700 D SCHEMA     [sampler] skipping "admin" database
2024-05-16T00:19:00.852-0700 D SCHEMA     [sampler] skipping "config" database
2024-05-16T00:19:00.852-0700 D SCHEMA     [sampler] skipping "local" database
2024-05-16T00:19:00.854-0700 D SCHEMA     [sampler] mapping schema for database "test"
2024-05-16T00:19:00.854-0700 D SCHEMA     [sampler] mapping schema for namespace "test"."city"
2024-05-16T00:19:00.860-0700 D SCHEMA     [mapping] mapped new table "city_loc" for array at field path "loc"
2024-05-16T00:19:00.860-0700 D SCHEMA     [mapping] mapped new table "city"
2024-05-16T00:19:00.860-0700 D SCHEMA     [sampler] finished mapping schema for namespace "test"."city"
2024-05-16T00:19:00.860-0700 I SCHEMA     [sampler] mapped schema for 1 namespace: "test" (1): ["city"]
2024-05-16T00:19:00.860-0700 I SCHEMA     [manager] refreshed schema
2024-05-16T00:19:00.860-0700 D SCHEMA     [manager] next schema refresh in 2 seconds
2024-05-16T00:19:02.869-0700 I SCHEMA     [manager] sampling schema
2024-05-16T00:19:02.870-0700 I SCHEMA     [sampler] sampling MongoDB for schema...
2024-05-16T00:19:02.870-0700 D SCHEMA     [sampler] wildcard database selector used: running listDatabases
2024-05-16T00:19:02.871-0700 D SCHEMA     [sampler] finding namespaces in databases: [admin config local test]
2024-05-16T00:19:02.871-0700 D SCHEMA     [sampler] skipping "admin" database
2024-05-16T00:19:02.871-0700 D SCHEMA     [sampler] skipping "config" database
2024-05-16T00:19:02.871-0700 D SCHEMA     [sampler] skipping "local" database
2024-05-16T00:19:02.872-0700 D SCHEMA     [sampler] mapping schema for database "test"
2024-05-16T00:19:02.872-0700 D SCHEMA     [sampler] mapping schema for namespace "test"."city"
2024-05-16T00:19:02.879-0700 D SCHEMA     [mapping] mapped new table "city_loc" for array at field path "loc"
2024-05-16T00:19:02.879-0700 D SCHEMA     [mapping] mapped new table "city"
2024-05-16T00:19:02.879-0700 D SCHEMA     [sampler] finished mapping schema for namespace "test"."city"
2024-05-16T00:19:02.879-0700 I SCHEMA     [sampler] mapped schema for 1 namespace: "test" (1): ["city"]
2024-05-16T00:19:02.879-0700 I SCHEMA     [manager] refreshed schema
2024-05-16T00:19:02.879-0700 D SCHEMA     [manager] next schema refresh in 2 seconds
2024-05-16T00:19:04.884-0700 I SCHEMA     [manager] sampling schema
2024-05-16T00:19:04.886-0700 I SCHEMA     [sampler] sampling MongoDB for schema...
2024-05-16T00:19:04.886-0700 D SCHEMA     [sampler] wildcard database selector used: running listDatabases
2024-05-16T00:19:04.887-0700 D SCHEMA     [sampler] finding namespaces in databases: [admin config local test]
2024-05-16T00:19:04.887-0700 D SCHEMA     [sampler] skipping "admin" database
2024-05-16T00:19:04.887-0700 D SCHEMA     [sampler] skipping "config" database
2024-05-16T00:19:04.887-0700 D SCHEMA     [sampler] skipping "local" database
2024-05-16T00:19:04.888-0700 D SCHEMA     [sampler] mapping schema for database "test"
2024-05-16T00:19:04.888-0700 D SCHEMA     [sampler] mapping schema for namespace "test"."city"
2024-05-16T00:19:04.895-0700 D SCHEMA     [mapping] mapped new table "city_loc" for array at field path "loc"
2024-05-16T00:19:04.895-0700 D SCHEMA     [mapping] mapped new table "city"
2024-05-16T00:19:04.895-0700 D SCHEMA     [sampler] finished mapping schema for namespace "test"."city"
2024-05-16T00:19:04.895-0700 I SCHEMA     [sampler] mapped schema for 1 namespace: "test" (1): ["city"]
2024-05-16T00:19:04.895-0700 I SCHEMA     [manager] refreshed schema
2024-05-16T00:19:04.895-0700 D SCHEMA     [manager] next schema refresh in 2 seconds
2024-05-16T00:19:06.902-0700 I SCHEMA     [manager] sampling schema
2024-05-16T00:19:06.905-0700 I SCHEMA     [sampler] sampling MongoDB for schema...
2024-05-16T00:19:06.905-0700 D SCHEMA     [sampler] wildcard database selector used: running listDatabases
2024-05-16T00:19:06.906-0700 D SCHEMA     [sampler] finding namespaces in databases: [admin config local test]
2024-05-16T00:19:06.906-0700 D SCHEMA     [sampler] skipping "admin" database
2024-05-16T00:19:06.906-0700 D SCHEMA     [sampler] skipping "config" database
2024-05-16T00:19:06.906-0700 D SCHEMA     [sampler] skipping "local" database
2024-05-16T00:19:06.907-0700 D SCHEMA     [sampler] mapping schema for database "test"
2024-05-16T00:19:06.907-0700 D SCHEMA     [sampler] mapping schema for namespace "test"."city"
2024-05-16T00:19:06.917-0700 D SCHEMA     [mapping] mapped new table "city_loc" for array at field path "loc"
2024-05-16T00:19:06.917-0700 D SCHEMA     [mapping] mapped new table "city"
2024-05-16T00:19:06.917-0700 D SCHEMA     [sampler] finished mapping schema for namespace "test"."city"
2024-05-16T00:19:06.917-0700 I SCHEMA     [sampler] mapped schema for 1 namespace: "test" (1): ["city"]
2024-05-16T00:19:06.917-0700 I SCHEMA     [manager] refreshed schema
2024-05-16T00:19:06.917-0700 D SCHEMA     [manager] next schema refresh in 2 seconds
2024-05-16T00:19:08.923-0700 I SCHEMA     [manager] sampling schema
2024-05-16T00:19:08.925-0700 I SCHEMA     [sampler] sampling MongoDB for schema...
2024-05-16T00:19:08.925-0700 D SCHEMA     [sampler] wildcard database selector used: running listDatabases
2024-05-16T00:19:08.926-0700 D SCHEMA     [sampler] finding namespaces in databases: [admin config local test]
2024-05-16T00:19:08.926-0700 D SCHEMA     [sampler] skipping "admin" database
2024-05-16T00:19:08.926-0700 D SCHEMA     [sampler] skipping "config" database
2024-05-16T00:19:08.926-0700 D SCHEMA     [sampler] skipping "local" database
2024-05-16T00:19:08.927-0700 D SCHEMA     [sampler] mapping schema for database "test"
2024-05-16T00:19:08.927-0700 D SCHEMA     [sampler] mapping schema for namespace "test"."city"
2024-05-16T00:19:08.938-0700 D SCHEMA     [mapping] mapped new table "city_loc" for array at field path "loc"
2024-05-16T00:19:08.938-0700 D SCHEMA     [mapping] mapped new table "city"
2024-05-16T00:19:08.938-0700 D SCHEMA     [sampler] finished mapping schema for namespace "test"."city"
2024-05-16T00:19:08.938-0700 I SCHEMA     [sampler] mapped schema for 1 namespace: "test" (1): ["city"]
2024-05-16T00:19:08.938-0700 I SCHEMA     [manager] refreshed schema
2024-05-16T00:19:08.938-0700 D SCHEMA     [manager] next schema refresh in 2 seconds
